<?xml version="1.0" encoding="UTF-8"?>
<!-- Generated by org.testng.reporters.JUnitReportReporter -->
<testsuite skipped="0" hostname="NODLTP50024558" name="DynamicJson" tests="3" failures="0" timestamp="2020-08-13T20:49:40 IST" time="3.006" errors="0">
  <testcase name="addBook" time="0.155" classname="DynamicJson"/>
  <system-out/>
  <testcase name="addBook" time="0.167" classname="DynamicJson"/>
  <system-out/>
  <testcase name="addBook" time="2.684" classname="DynamicJson"/>
  <system-out/>
</testsuite> <!-- DynamicJson -->
